2025-12-22 13:59:25 [scrapy.utils.log] INFO: Scrapy 2.13.4 started (bot: travel_scrapers)
2025-12-22 13:59:25 [scrapy.utils.log] INFO: Versions:
{'lxml': '6.0.0',
 'libxml2': '2.14.4',
 'cssselect': '1.3.0',
 'parsel': '1.10.0',
 'w3lib': '2.3.1',
 'Twisted': '25.5.0',
 'Python': '3.12.6 (main, Sep  9 2024, 21:36:32) [Clang 18.1.8 ]',
 'pyOpenSSL': '25.3.0 (OpenSSL 3.5.4 30 Sep 2025)',
 'cryptography': '46.0.3',
 'Platform': 'macOS-15.7.3-arm64-arm-64bit'}
2025-12-22 13:59:25 [scrapy.addons] INFO: Enabled addons:
[]
2025-12-22 13:59:25 [scrapy.middleware] INFO: Enabled extensions:
['scrapy.extensions.corestats.CoreStats',
 'scrapy.extensions.memusage.MemoryUsage',
 'scrapy.extensions.logstats.LogStats',
 'scrapy.extensions.throttle.AutoThrottle']
2025-12-22 13:59:25 [scrapy.crawler] INFO: Overridden settings:
{'AUTOTHROTTLE_ENABLED': True,
 'AUTOTHROTTLE_MAX_DELAY': 5,
 'AUTOTHROTTLE_START_DELAY': 1,
 'AUTOTHROTTLE_TARGET_CONCURRENCY': 2.0,
 'BOT_NAME': 'travel_scrapers',
 'CONCURRENT_REQUESTS': 4,
 'CONCURRENT_REQUESTS_PER_DOMAIN': 2,
 'COOKIES_ENABLED': False,
 'DEPTH_LIMIT': 1,
 'DOWNLOAD_DELAY': 1,
 'HTTPCACHE_DIR': 'output/.httpcache',
 'HTTPCACHE_ENABLED': True,
 'HTTPCACHE_EXPIRATION_SECS': 3600,
 'LOG_FILE': 'output/logs/scrapy.log',
 'LOG_LEVEL': 'INFO',
 'MEMUSAGE_LIMIT_MB': 1024,
 'MEMUSAGE_WARNING_MB': 512,
 'NEWSPIDER_MODULE': 'travel_scrapers.spiders',
 'RETRY_HTTP_CODES': [500, 502, 503, 504, 408, 429],
 'RETRY_TIMES': 3,
 'ROBOTSTXT_OBEY': True,
 'SPIDER_MODULES': ['travel_scrapers.spiders'],
 'TELNETCONSOLE_ENABLED': False}
2025-12-22 13:59:25 [scrapy.middleware] INFO: Enabled downloader middlewares:
['scrapy.downloadermiddlewares.offsite.OffsiteMiddleware',
 'scrapy.downloadermiddlewares.robotstxt.RobotsTxtMiddleware',
 'scrapy.downloadermiddlewares.httpauth.HttpAuthMiddleware',
 'scrapy.downloadermiddlewares.downloadtimeout.DownloadTimeoutMiddleware',
 'scrapy.downloadermiddlewares.defaultheaders.DefaultHeadersMiddleware',
 'scrapy.downloadermiddlewares.useragent.UserAgentMiddleware',
 'travel_scrapers.middlewares.PoliteRetryMiddleware',
 'scrapy.downloadermiddlewares.retry.RetryMiddleware',
 'scrapy.downloadermiddlewares.redirect.MetaRefreshMiddleware',
 'scrapy.downloadermiddlewares.httpcompression.HttpCompressionMiddleware',
 'scrapy.downloadermiddlewares.redirect.RedirectMiddleware',
 'scrapy.downloadermiddlewares.httpproxy.HttpProxyMiddleware',
 'scrapy.downloadermiddlewares.stats.DownloaderStats',
 'scrapy.downloadermiddlewares.httpcache.HttpCacheMiddleware']
2025-12-22 13:59:25 [scrapy.middleware] INFO: Enabled spider middlewares:
['scrapy.spidermiddlewares.start.StartSpiderMiddleware',
 'scrapy.spidermiddlewares.httperror.HttpErrorMiddleware',
 'scrapy.spidermiddlewares.referer.RefererMiddleware',
 'scrapy.spidermiddlewares.urllength.UrlLengthMiddleware',
 'scrapy.spidermiddlewares.depth.DepthMiddleware']
2025-12-22 13:59:25 [scrapy.middleware] INFO: Enabled item pipelines:
['travel_scrapers.pipelines.ValidationPipeline',
 'travel_scrapers.pipelines.POINormalizationPipeline',
 'travel_scrapers.pipelines.JSONExportPipeline']
2025-12-22 13:59:25 [scrapy.core.engine] INFO: Spider opened
2025-12-22 13:59:25 [scrapy.core.engine] INFO: Closing spider (shutdown)
2025-12-22 13:59:25 [scrapy.utils.signal] ERROR: Error caught on signal handler: <bound method CoreStats.spider_closed of <scrapy.extensions.corestats.CoreStats object at 0x12044c0b0>>
Traceback (most recent call last):
  File "/Users/cylik/.local/share/mise/installs/python/3.12.6/lib/python3.12/site-packages/scrapy/crawler.py", line 157, in crawl
    yield self.engine.open_spider(self.spider)
  File "/Users/cylik/.local/share/mise/installs/python/3.12.6/lib/python3.12/site-packages/twisted/internet/defer.py", line 1257, in adapt
    extracted: _SelfResultT | Failure = result.result()
                                        ^^^^^^^^^^^^^^^
  File "/Users/cylik/.local/share/mise/installs/python/3.12.6/lib/python3.12/site-packages/scrapy/core/engine.py", line 446, in open_spider
    await maybe_deferred_to_future(self.scraper.open_spider(spider))
  File "/Users/cylik/.local/share/mise/installs/python/3.12.6/lib/python3.12/site-packages/twisted/internet/defer.py", line 1853, in _inlineCallbacks
    result = context.run(
             ^^^^^^^^^^^^
  File "/Users/cylik/.local/share/mise/installs/python/3.12.6/lib/python3.12/site-packages/twisted/python/failure.py", line 467, in throwExceptionIntoGenerator
    return g.throw(self.value.with_traceback(self.tb))
           ^^^^^^^^^^^^^^^^^^^^^^^^^^^^^^^^^^^^^^^^^^^
  File "/Users/cylik/.local/share/mise/installs/python/3.12.6/lib/python3.12/site-packages/scrapy/core/scraper.py", line 118, in open_spider
    yield self.itemproc.open_spider(spider)
  File "/Users/cylik/.local/share/mise/installs/python/3.12.6/lib/python3.12/site-packages/twisted/internet/defer.py", line 1092, in _runCallbacks
    current.result = callback(  # type: ignore[misc]
                     ^^^^^^^^^^^^^^^^^^^^^^^^^^^^^^^
  File "/Users/cylik/Desktop/Project/travel-planner/data/scrapy_scrapers/travel_scrapers/pipelines.py", line 86, in open_spider
    self.file = open(filename, 'w', encoding='utf-8')
                ^^^^^^^^^^^^^^^^^^^^^^^^^^^^^^^^^^^^^
FileNotFoundError: [Errno 2] No such file or directory: 'output/processed/gotokyo_events_20251222_135925.json'

During handling of the above exception, another exception occurred:

Traceback (most recent call last):
  File "/Users/cylik/.local/share/mise/installs/python/3.12.6/lib/python3.12/site-packages/scrapy/utils/defer.py", line 417, in maybeDeferred_coro
    result = f(*args, **kw)
             ^^^^^^^^^^^^^^
  File "/Users/cylik/.local/share/mise/installs/python/3.12.6/lib/python3.12/site-packages/pydispatch/robustapply.py", line 55, in robustApply
    return receiver(*arguments, **named)
           ^^^^^^^^^^^^^^^^^^^^^^^^^^^^^
  File "/Users/cylik/.local/share/mise/installs/python/3.12.6/lib/python3.12/site-packages/scrapy/extensions/corestats.py", line 41, in spider_closed
    assert self.start_time is not None
           ^^^^^^^^^^^^^^^^^^^^^^^^^^^
AssertionError
2025-12-22 13:59:25 [scrapy.statscollectors] INFO: Dumping Scrapy stats:
{'items_per_minute': None,
 'log_count/ERROR': 1,
 'log_count/INFO': 7,
 'responses_per_minute': None}
2025-12-22 13:59:25 [scrapy.core.engine] INFO: Spider closed (shutdown)
2025-12-22 13:59:25 [twisted] CRITICAL: Unhandled error in Deferred:
2025-12-22 13:59:25 [twisted] CRITICAL: 
Traceback (most recent call last):
  File "/Users/cylik/.local/share/mise/installs/python/3.12.6/lib/python3.12/site-packages/twisted/internet/defer.py", line 1857, in _inlineCallbacks
    result = context.run(gen.send, result)
             ^^^^^^^^^^^^^^^^^^^^^^^^^^^^^
  File "/Users/cylik/.local/share/mise/installs/python/3.12.6/lib/python3.12/site-packages/scrapy/crawler.py", line 157, in crawl
    yield self.engine.open_spider(self.spider)
  File "/Users/cylik/.local/share/mise/installs/python/3.12.6/lib/python3.12/site-packages/twisted/internet/defer.py", line 1257, in adapt
    extracted: _SelfResultT | Failure = result.result()
                                        ^^^^^^^^^^^^^^^
  File "/Users/cylik/.local/share/mise/installs/python/3.12.6/lib/python3.12/site-packages/scrapy/core/engine.py", line 446, in open_spider
    await maybe_deferred_to_future(self.scraper.open_spider(spider))
  File "/Users/cylik/.local/share/mise/installs/python/3.12.6/lib/python3.12/site-packages/twisted/internet/defer.py", line 1853, in _inlineCallbacks
    result = context.run(
             ^^^^^^^^^^^^
  File "/Users/cylik/.local/share/mise/installs/python/3.12.6/lib/python3.12/site-packages/twisted/python/failure.py", line 467, in throwExceptionIntoGenerator
    return g.throw(self.value.with_traceback(self.tb))
           ^^^^^^^^^^^^^^^^^^^^^^^^^^^^^^^^^^^^^^^^^^^
  File "/Users/cylik/.local/share/mise/installs/python/3.12.6/lib/python3.12/site-packages/scrapy/core/scraper.py", line 118, in open_spider
    yield self.itemproc.open_spider(spider)
  File "/Users/cylik/.local/share/mise/installs/python/3.12.6/lib/python3.12/site-packages/twisted/internet/defer.py", line 1092, in _runCallbacks
    current.result = callback(  # type: ignore[misc]
                     ^^^^^^^^^^^^^^^^^^^^^^^^^^^^^^^
  File "/Users/cylik/Desktop/Project/travel-planner/data/scrapy_scrapers/travel_scrapers/pipelines.py", line 86, in open_spider
    self.file = open(filename, 'w', encoding='utf-8')
                ^^^^^^^^^^^^^^^^^^^^^^^^^^^^^^^^^^^^^
FileNotFoundError: [Errno 2] No such file or directory: 'output/processed/gotokyo_events_20251222_135925.json'
2025-12-22 13:59:42 [scrapy.utils.log] INFO: Scrapy 2.13.4 started (bot: travel_scrapers)
2025-12-22 13:59:42 [scrapy.utils.log] INFO: Versions:
{'lxml': '6.0.0',
 'libxml2': '2.14.4',
 'cssselect': '1.3.0',
 'parsel': '1.10.0',
 'w3lib': '2.3.1',
 'Twisted': '25.5.0',
 'Python': '3.12.6 (main, Sep  9 2024, 21:36:32) [Clang 18.1.8 ]',
 'pyOpenSSL': '25.3.0 (OpenSSL 3.5.4 30 Sep 2025)',
 'cryptography': '46.0.3',
 'Platform': 'macOS-15.7.3-arm64-arm-64bit'}
2025-12-22 13:59:42 [scrapy.addons] INFO: Enabled addons:
[]
2025-12-22 13:59:42 [scrapy.middleware] INFO: Enabled extensions:
['scrapy.extensions.corestats.CoreStats',
 'scrapy.extensions.memusage.MemoryUsage',
 'scrapy.extensions.closespider.CloseSpider',
 'scrapy.extensions.logstats.LogStats',
 'scrapy.extensions.throttle.AutoThrottle']
2025-12-22 13:59:42 [scrapy.crawler] INFO: Overridden settings:
{'AUTOTHROTTLE_ENABLED': True,
 'AUTOTHROTTLE_MAX_DELAY': 5,
 'AUTOTHROTTLE_START_DELAY': 1,
 'AUTOTHROTTLE_TARGET_CONCURRENCY': 2.0,
 'BOT_NAME': 'travel_scrapers',
 'CLOSESPIDER_ITEMCOUNT': '3',
 'CONCURRENT_REQUESTS': 4,
 'CONCURRENT_REQUESTS_PER_DOMAIN': 2,
 'COOKIES_ENABLED': False,
 'DEPTH_LIMIT': 1,
 'DOWNLOAD_DELAY': 1,
 'HTTPCACHE_DIR': 'output/.httpcache',
 'HTTPCACHE_ENABLED': True,
 'HTTPCACHE_EXPIRATION_SECS': 3600,
 'LOG_FILE': 'output/logs/scrapy.log',
 'LOG_LEVEL': 'INFO',
 'MEMUSAGE_LIMIT_MB': 1024,
 'MEMUSAGE_WARNING_MB': 512,
 'NEWSPIDER_MODULE': 'travel_scrapers.spiders',
 'RETRY_HTTP_CODES': [500, 502, 503, 504, 408, 429],
 'RETRY_TIMES': 3,
 'ROBOTSTXT_OBEY': True,
 'SPIDER_MODULES': ['travel_scrapers.spiders'],
 'TELNETCONSOLE_ENABLED': False}
2025-12-22 13:59:42 [scrapy.middleware] INFO: Enabled downloader middlewares:
['scrapy.downloadermiddlewares.offsite.OffsiteMiddleware',
 'scrapy.downloadermiddlewares.robotstxt.RobotsTxtMiddleware',
 'scrapy.downloadermiddlewares.httpauth.HttpAuthMiddleware',
 'scrapy.downloadermiddlewares.downloadtimeout.DownloadTimeoutMiddleware',
 'scrapy.downloadermiddlewares.defaultheaders.DefaultHeadersMiddleware',
 'scrapy.downloadermiddlewares.useragent.UserAgentMiddleware',
 'travel_scrapers.middlewares.PoliteRetryMiddleware',
 'scrapy.downloadermiddlewares.retry.RetryMiddleware',
 'scrapy.downloadermiddlewares.redirect.MetaRefreshMiddleware',
 'scrapy.downloadermiddlewares.httpcompression.HttpCompressionMiddleware',
 'scrapy.downloadermiddlewares.redirect.RedirectMiddleware',
 'scrapy.downloadermiddlewares.httpproxy.HttpProxyMiddleware',
 'scrapy.downloadermiddlewares.stats.DownloaderStats',
 'scrapy.downloadermiddlewares.httpcache.HttpCacheMiddleware']
2025-12-22 13:59:42 [scrapy.middleware] INFO: Enabled spider middlewares:
['scrapy.spidermiddlewares.start.StartSpiderMiddleware',
 'scrapy.spidermiddlewares.httperror.HttpErrorMiddleware',
 'scrapy.spidermiddlewares.referer.RefererMiddleware',
 'scrapy.spidermiddlewares.urllength.UrlLengthMiddleware',
 'scrapy.spidermiddlewares.depth.DepthMiddleware']
2025-12-22 13:59:42 [scrapy.middleware] INFO: Enabled item pipelines:
['travel_scrapers.pipelines.ValidationPipeline',
 'travel_scrapers.pipelines.POINormalizationPipeline',
 'travel_scrapers.pipelines.JSONExportPipeline']
2025-12-22 13:59:42 [scrapy.core.engine] INFO: Spider opened
2025-12-22 13:59:42 [scrapy.core.engine] INFO: Closing spider (shutdown)
2025-12-22 13:59:42 [scrapy.utils.signal] ERROR: Error caught on signal handler: <bound method CoreStats.spider_closed of <scrapy.extensions.corestats.CoreStats object at 0x1097cf2f0>>
Traceback (most recent call last):
  File "/Users/cylik/.local/share/mise/installs/python/3.12.6/lib/python3.12/site-packages/scrapy/crawler.py", line 157, in crawl
    yield self.engine.open_spider(self.spider)
  File "/Users/cylik/.local/share/mise/installs/python/3.12.6/lib/python3.12/site-packages/twisted/internet/defer.py", line 1257, in adapt
    extracted: _SelfResultT | Failure = result.result()
                                        ^^^^^^^^^^^^^^^
  File "/Users/cylik/.local/share/mise/installs/python/3.12.6/lib/python3.12/site-packages/scrapy/core/engine.py", line 446, in open_spider
    await maybe_deferred_to_future(self.scraper.open_spider(spider))
  File "/Users/cylik/.local/share/mise/installs/python/3.12.6/lib/python3.12/site-packages/twisted/internet/defer.py", line 1853, in _inlineCallbacks
    result = context.run(
             ^^^^^^^^^^^^
  File "/Users/cylik/.local/share/mise/installs/python/3.12.6/lib/python3.12/site-packages/twisted/python/failure.py", line 467, in throwExceptionIntoGenerator
    return g.throw(self.value.with_traceback(self.tb))
           ^^^^^^^^^^^^^^^^^^^^^^^^^^^^^^^^^^^^^^^^^^^
  File "/Users/cylik/.local/share/mise/installs/python/3.12.6/lib/python3.12/site-packages/scrapy/core/scraper.py", line 118, in open_spider
    yield self.itemproc.open_spider(spider)
  File "/Users/cylik/.local/share/mise/installs/python/3.12.6/lib/python3.12/site-packages/twisted/internet/defer.py", line 1092, in _runCallbacks
    current.result = callback(  # type: ignore[misc]
                     ^^^^^^^^^^^^^^^^^^^^^^^^^^^^^^^
  File "/Users/cylik/Desktop/Project/travel-planner/data/scrapy_scrapers/travel_scrapers/pipelines.py", line 86, in open_spider
    self.file = open(filename, 'w', encoding='utf-8')
                ^^^^^^^^^^^^^^^^^^^^^^^^^^^^^^^^^^^^^
FileNotFoundError: [Errno 2] No such file or directory: 'output/processed/gotokyo_events_20251222_135942.json'

During handling of the above exception, another exception occurred:

Traceback (most recent call last):
  File "/Users/cylik/.local/share/mise/installs/python/3.12.6/lib/python3.12/site-packages/scrapy/utils/defer.py", line 417, in maybeDeferred_coro
    result = f(*args, **kw)
             ^^^^^^^^^^^^^^
  File "/Users/cylik/.local/share/mise/installs/python/3.12.6/lib/python3.12/site-packages/pydispatch/robustapply.py", line 55, in robustApply
    return receiver(*arguments, **named)
           ^^^^^^^^^^^^^^^^^^^^^^^^^^^^^
  File "/Users/cylik/.local/share/mise/installs/python/3.12.6/lib/python3.12/site-packages/scrapy/extensions/corestats.py", line 41, in spider_closed
    assert self.start_time is not None
           ^^^^^^^^^^^^^^^^^^^^^^^^^^^
AssertionError
2025-12-22 13:59:42 [scrapy.statscollectors] INFO: Dumping Scrapy stats:
{'items_per_minute': None,
 'log_count/ERROR': 1,
 'log_count/INFO': 7,
 'responses_per_minute': None}
2025-12-22 13:59:42 [scrapy.core.engine] INFO: Spider closed (shutdown)
2025-12-22 13:59:42 [twisted] CRITICAL: Unhandled error in Deferred:
2025-12-22 13:59:42 [twisted] CRITICAL: 
Traceback (most recent call last):
  File "/Users/cylik/.local/share/mise/installs/python/3.12.6/lib/python3.12/site-packages/twisted/internet/defer.py", line 1857, in _inlineCallbacks
    result = context.run(gen.send, result)
             ^^^^^^^^^^^^^^^^^^^^^^^^^^^^^
  File "/Users/cylik/.local/share/mise/installs/python/3.12.6/lib/python3.12/site-packages/scrapy/crawler.py", line 157, in crawl
    yield self.engine.open_spider(self.spider)
  File "/Users/cylik/.local/share/mise/installs/python/3.12.6/lib/python3.12/site-packages/twisted/internet/defer.py", line 1257, in adapt
    extracted: _SelfResultT | Failure = result.result()
                                        ^^^^^^^^^^^^^^^
  File "/Users/cylik/.local/share/mise/installs/python/3.12.6/lib/python3.12/site-packages/scrapy/core/engine.py", line 446, in open_spider
    await maybe_deferred_to_future(self.scraper.open_spider(spider))
  File "/Users/cylik/.local/share/mise/installs/python/3.12.6/lib/python3.12/site-packages/twisted/internet/defer.py", line 1853, in _inlineCallbacks
    result = context.run(
             ^^^^^^^^^^^^
  File "/Users/cylik/.local/share/mise/installs/python/3.12.6/lib/python3.12/site-packages/twisted/python/failure.py", line 467, in throwExceptionIntoGenerator
    return g.throw(self.value.with_traceback(self.tb))
           ^^^^^^^^^^^^^^^^^^^^^^^^^^^^^^^^^^^^^^^^^^^
  File "/Users/cylik/.local/share/mise/installs/python/3.12.6/lib/python3.12/site-packages/scrapy/core/scraper.py", line 118, in open_spider
    yield self.itemproc.open_spider(spider)
  File "/Users/cylik/.local/share/mise/installs/python/3.12.6/lib/python3.12/site-packages/twisted/internet/defer.py", line 1092, in _runCallbacks
    current.result = callback(  # type: ignore[misc]
                     ^^^^^^^^^^^^^^^^^^^^^^^^^^^^^^^
  File "/Users/cylik/Desktop/Project/travel-planner/data/scrapy_scrapers/travel_scrapers/pipelines.py", line 86, in open_spider
    self.file = open(filename, 'w', encoding='utf-8')
                ^^^^^^^^^^^^^^^^^^^^^^^^^^^^^^^^^^^^^
FileNotFoundError: [Errno 2] No such file or directory: 'output/processed/gotokyo_events_20251222_135942.json'
2025-12-22 14:00:09 [scrapy.utils.log] INFO: Scrapy 2.13.4 started (bot: travel_scrapers)
2025-12-22 14:00:09 [scrapy.utils.log] INFO: Versions:
{'lxml': '6.0.0',
 'libxml2': '2.14.4',
 'cssselect': '1.3.0',
 'parsel': '1.10.0',
 'w3lib': '2.3.1',
 'Twisted': '25.5.0',
 'Python': '3.12.6 (main, Sep  9 2024, 21:36:32) [Clang 18.1.8 ]',
 'pyOpenSSL': '25.3.0 (OpenSSL 3.5.4 30 Sep 2025)',
 'cryptography': '46.0.3',
 'Platform': 'macOS-15.7.3-arm64-arm-64bit'}
2025-12-22 14:00:09 [scrapy.addons] INFO: Enabled addons:
[]
2025-12-22 14:00:09 [scrapy.middleware] INFO: Enabled extensions:
['scrapy.extensions.corestats.CoreStats',
 'scrapy.extensions.memusage.MemoryUsage',
 'scrapy.extensions.closespider.CloseSpider',
 'scrapy.extensions.logstats.LogStats',
 'scrapy.extensions.throttle.AutoThrottle']
2025-12-22 14:00:09 [scrapy.crawler] INFO: Overridden settings:
{'AUTOTHROTTLE_ENABLED': True,
 'AUTOTHROTTLE_MAX_DELAY': 5,
 'AUTOTHROTTLE_START_DELAY': 1,
 'AUTOTHROTTLE_TARGET_CONCURRENCY': 2.0,
 'BOT_NAME': 'travel_scrapers',
 'CLOSESPIDER_ITEMCOUNT': '3',
 'CONCURRENT_REQUESTS': 4,
 'CONCURRENT_REQUESTS_PER_DOMAIN': 2,
 'COOKIES_ENABLED': False,
 'DEPTH_LIMIT': 1,
 'DOWNLOAD_DELAY': 1,
 'HTTPCACHE_DIR': 'output/.httpcache',
 'HTTPCACHE_ENABLED': True,
 'HTTPCACHE_EXPIRATION_SECS': 3600,
 'LOG_FILE': 'output/logs/scrapy.log',
 'LOG_LEVEL': 'INFO',
 'MEMUSAGE_LIMIT_MB': 1024,
 'MEMUSAGE_WARNING_MB': 512,
 'NEWSPIDER_MODULE': 'travel_scrapers.spiders',
 'RETRY_HTTP_CODES': [500, 502, 503, 504, 408, 429],
 'RETRY_TIMES': 3,
 'ROBOTSTXT_OBEY': True,
 'SPIDER_MODULES': ['travel_scrapers.spiders'],
 'TELNETCONSOLE_ENABLED': False}
2025-12-22 14:00:09 [scrapy.middleware] INFO: Enabled downloader middlewares:
['scrapy.downloadermiddlewares.offsite.OffsiteMiddleware',
 'scrapy.downloadermiddlewares.robotstxt.RobotsTxtMiddleware',
 'scrapy.downloadermiddlewares.httpauth.HttpAuthMiddleware',
 'scrapy.downloadermiddlewares.downloadtimeout.DownloadTimeoutMiddleware',
 'scrapy.downloadermiddlewares.defaultheaders.DefaultHeadersMiddleware',
 'scrapy.downloadermiddlewares.useragent.UserAgentMiddleware',
 'travel_scrapers.middlewares.PoliteRetryMiddleware',
 'scrapy.downloadermiddlewares.retry.RetryMiddleware',
 'scrapy.downloadermiddlewares.redirect.MetaRefreshMiddleware',
 'scrapy.downloadermiddlewares.httpcompression.HttpCompressionMiddleware',
 'scrapy.downloadermiddlewares.redirect.RedirectMiddleware',
 'scrapy.downloadermiddlewares.httpproxy.HttpProxyMiddleware',
 'scrapy.downloadermiddlewares.stats.DownloaderStats',
 'scrapy.downloadermiddlewares.httpcache.HttpCacheMiddleware']
2025-12-22 14:00:09 [scrapy.middleware] INFO: Enabled spider middlewares:
['scrapy.spidermiddlewares.start.StartSpiderMiddleware',
 'scrapy.spidermiddlewares.httperror.HttpErrorMiddleware',
 'scrapy.spidermiddlewares.referer.RefererMiddleware',
 'scrapy.spidermiddlewares.urllength.UrlLengthMiddleware',
 'scrapy.spidermiddlewares.depth.DepthMiddleware']
2025-12-22 14:00:09 [scrapy.middleware] INFO: Enabled item pipelines:
['travel_scrapers.pipelines.ValidationPipeline',
 'travel_scrapers.pipelines.POINormalizationPipeline',
 'travel_scrapers.pipelines.JSONExportPipeline']
2025-12-22 14:00:09 [scrapy.core.engine] INFO: Spider opened
2025-12-22 14:00:09 [gotokyo_events] INFO: Saving items to: output/processed/gotokyo_events_20251222_140009.json
2025-12-22 14:00:09 [scrapy.extensions.logstats] INFO: Crawled 0 pages (at 0 pages/min), scraped 0 items (at 0 items/min)
2025-12-22 14:00:09 [scrapy.extensions.memusage] INFO: Peak memory usage is 73MiB
2025-12-22 14:00:09 [gotokyo_events] INFO: Parsing events page: https://www.gotokyo.org/en/spot/index.html
2025-12-22 14:00:09 [gotokyo_events] INFO: Found 0 potential events from links
2025-12-22 14:00:09 [gotokyo_events] INFO: Parsing events page: https://www.gotokyo.org/en/
2025-12-22 14:00:09 [gotokyo_events] INFO: Found 10 potential events from links
2025-12-22 14:00:09 [gotokyo_events] INFO: Parsing events page: https://www.gotokyo.org/en/see-and-do/arts-and-design/art-and-exhibitions/index.html
2025-12-22 14:00:09 [gotokyo_events] INFO: Found 0 potential events from links
2025-12-22 14:00:09 [gotokyo_events] INFO: Parsing events page: https://www.gotokyo.org/en/calendar/index.html
2025-12-22 14:00:09 [gotokyo_events] INFO: Found 0 potential events from links
2025-12-22 14:00:09 [gotokyo_events] INFO: Parsing events page: https://www.gotokyo.org/en/index.html
2025-12-22 14:00:09 [gotokyo_events] INFO: Found 10 potential events from links
2025-12-22 14:00:09 [gotokyo_events] INFO: Parsing events page: https://www.gotokyo.org/en/experiences/index.html
2025-12-22 14:00:09 [gotokyo_events] INFO: Found 0 potential events from links
2025-12-22 14:00:09 [gotokyo_events] INFO: Parsing events page: https://www.gotokyo.org/en/calendar/index.html
2025-12-22 14:00:09 [gotokyo_events] INFO: Found 0 potential events from links
2025-12-22 14:00:09 [gotokyo_events] INFO: Parsing events page: https://www.gotokyo.org/en/new/index.html
2025-12-22 14:00:09 [gotokyo_events] INFO: Found 0 potential events from links
2025-12-22 14:00:09 [gotokyo_events] INFO: Parsing events page: https://www.gotokyo.org/en/agent/index.html
2025-12-22 14:00:09 [gotokyo_events] INFO: Found 0 potential events from links
2025-12-22 14:00:09 [scrapy.core.engine] INFO: Closing spider (closespider_itemcount)
2025-12-22 14:00:09 [scrapy.statscollectors] INFO: Dumping Scrapy stats:
{'downloader/exception_count': 1,
 'downloader/exception_type_count/scrapy.exceptions.IgnoreRequest': 1,
 'downloader/request_bytes': 7063,
 'downloader/request_count': 19,
 'downloader/request_method_count/GET': 19,
 'downloader/response_bytes': 197987,
 'downloader/response_count': 19,
 'downloader/response_status_count/200': 18,
 'downloader/response_status_count/301': 1,
 'dupefilter/filtered': 16,
 'elapsed_time_seconds': 0.297429,
 'finish_reason': 'closespider_itemcount',
 'finish_time': datetime.datetime(2025, 12, 22, 5, 0, 9, 853372, tzinfo=datetime.timezone.utc),
 'httpcache/hit': 19,
 'httpcompression/response_bytes': 685245,
 'httpcompression/response_count': 17,
 'item_scraped_count': 8,
 'items_per_minute': None,
 'log_count/INFO': 28,
 'memusage/max': 76677120,
 'memusage/startup': 76677120,
 'request_depth_max': 1,
 'response_received_count': 18,
 'responses_per_minute': None,
 'robotstxt/forbidden': 1,
 'robotstxt/request_count': 1,
 'robotstxt/response_count': 1,
 'robotstxt/response_status_count/200': 1,
 'scheduler/dequeued': 19,
 'scheduler/dequeued/memory': 19,
 'scheduler/enqueued': 19,
 'scheduler/enqueued/memory': 19,
 'start_time': datetime.datetime(2025, 12, 22, 5, 0, 9, 555943, tzinfo=datetime.timezone.utc)}
2025-12-22 14:00:09 [scrapy.core.engine] INFO: Spider closed (closespider_itemcount)
2025-12-22 14:00:52 [scrapy.utils.log] INFO: Scrapy 2.13.4 started (bot: travel_scrapers)
2025-12-22 14:00:52 [scrapy.utils.log] INFO: Versions:
{'lxml': '6.0.0',
 'libxml2': '2.14.4',
 'cssselect': '1.3.0',
 'parsel': '1.10.0',
 'w3lib': '2.3.1',
 'Twisted': '25.5.0',
 'Python': '3.12.6 (main, Sep  9 2024, 21:36:32) [Clang 18.1.8 ]',
 'pyOpenSSL': '25.3.0 (OpenSSL 3.5.4 30 Sep 2025)',
 'cryptography': '46.0.3',
 'Platform': 'macOS-15.7.3-arm64-arm-64bit'}
2025-12-22 14:00:52 [scrapy.addons] INFO: Enabled addons:
[]
2025-12-22 14:00:52 [scrapy.middleware] INFO: Enabled extensions:
['scrapy.extensions.corestats.CoreStats',
 'scrapy.extensions.memusage.MemoryUsage',
 'scrapy.extensions.logstats.LogStats',
 'scrapy.extensions.throttle.AutoThrottle']
2025-12-22 14:00:52 [scrapy.crawler] INFO: Overridden settings:
{'AUTOTHROTTLE_ENABLED': True,
 'AUTOTHROTTLE_MAX_DELAY': 5,
 'AUTOTHROTTLE_START_DELAY': 1,
 'AUTOTHROTTLE_TARGET_CONCURRENCY': 2.0,
 'BOT_NAME': 'travel_scrapers',
 'CONCURRENT_REQUESTS': 4,
 'CONCURRENT_REQUESTS_PER_DOMAIN': 2,
 'COOKIES_ENABLED': False,
 'DEPTH_LIMIT': 1,
 'DOWNLOAD_DELAY': 1,
 'HTTPCACHE_DIR': 'output/.httpcache',
 'HTTPCACHE_ENABLED': True,
 'HTTPCACHE_EXPIRATION_SECS': 3600,
 'LOG_FILE': 'output/logs/scrapy.log',
 'LOG_LEVEL': 'INFO',
 'MEMUSAGE_LIMIT_MB': 1024,
 'MEMUSAGE_WARNING_MB': 512,
 'NEWSPIDER_MODULE': 'travel_scrapers.spiders',
 'RETRY_HTTP_CODES': [500, 502, 503, 504, 408, 429],
 'RETRY_TIMES': 3,
 'ROBOTSTXT_OBEY': True,
 'SPIDER_MODULES': ['travel_scrapers.spiders'],
 'TELNETCONSOLE_ENABLED': False}
2025-12-22 14:00:52 [scrapy.middleware] INFO: Enabled downloader middlewares:
['scrapy.downloadermiddlewares.offsite.OffsiteMiddleware',
 'scrapy.downloadermiddlewares.robotstxt.RobotsTxtMiddleware',
 'scrapy.downloadermiddlewares.httpauth.HttpAuthMiddleware',
 'scrapy.downloadermiddlewares.downloadtimeout.DownloadTimeoutMiddleware',
 'scrapy.downloadermiddlewares.defaultheaders.DefaultHeadersMiddleware',
 'scrapy.downloadermiddlewares.useragent.UserAgentMiddleware',
 'travel_scrapers.middlewares.PoliteRetryMiddleware',
 'scrapy.downloadermiddlewares.retry.RetryMiddleware',
 'scrapy.downloadermiddlewares.redirect.MetaRefreshMiddleware',
 'scrapy.downloadermiddlewares.httpcompression.HttpCompressionMiddleware',
 'scrapy.downloadermiddlewares.redirect.RedirectMiddleware',
 'scrapy.downloadermiddlewares.httpproxy.HttpProxyMiddleware',
 'scrapy.downloadermiddlewares.stats.DownloaderStats',
 'scrapy.downloadermiddlewares.httpcache.HttpCacheMiddleware']
2025-12-22 14:00:52 [scrapy.middleware] INFO: Enabled spider middlewares:
['scrapy.spidermiddlewares.start.StartSpiderMiddleware',
 'scrapy.spidermiddlewares.httperror.HttpErrorMiddleware',
 'scrapy.spidermiddlewares.referer.RefererMiddleware',
 'scrapy.spidermiddlewares.urllength.UrlLengthMiddleware',
 'scrapy.spidermiddlewares.depth.DepthMiddleware']
2025-12-22 14:00:52 [scrapy.middleware] INFO: Enabled item pipelines:
['travel_scrapers.pipelines.ValidationPipeline',
 'travel_scrapers.pipelines.POINormalizationPipeline',
 'travel_scrapers.pipelines.JSONExportPipeline']
2025-12-22 14:00:52 [scrapy.core.engine] INFO: Spider opened
2025-12-22 14:00:52 [gotokyo_events] INFO: Saving items to: output/processed/gotokyo_events_20251222_140052.json
2025-12-22 14:00:52 [scrapy.extensions.logstats] INFO: Crawled 0 pages (at 0 pages/min), scraped 0 items (at 0 items/min)
2025-12-22 14:00:52 [scrapy.extensions.memusage] INFO: Peak memory usage is 72MiB
2025-12-22 14:00:52 [gotokyo_events] INFO: Parsing events page: https://www.gotokyo.org/en/spot/index.html
2025-12-22 14:00:52 [gotokyo_events] INFO: Found 0 potential events from links
2025-12-22 14:00:52 [gotokyo_events] INFO: Parsing events page: https://www.gotokyo.org/en/
2025-12-22 14:00:52 [gotokyo_events] INFO: Found 10 potential events from links
2025-12-22 14:00:52 [gotokyo_events] INFO: Parsing events page: https://www.gotokyo.org/en/see-and-do/arts-and-design/art-and-exhibitions/index.html
2025-12-22 14:00:52 [gotokyo_events] INFO: Found 0 potential events from links
2025-12-22 14:00:52 [gotokyo_events] INFO: Parsing events page: https://www.gotokyo.org/en/calendar/index.html
2025-12-22 14:00:52 [gotokyo_events] INFO: Found 0 potential events from links
2025-12-22 14:00:52 [gotokyo_events] INFO: Parsing events page: https://www.gotokyo.org/en/experiences/index.html
2025-12-22 14:00:52 [gotokyo_events] INFO: Found 0 potential events from links
2025-12-22 14:00:52 [gotokyo_events] INFO: Parsing events page: https://www.gotokyo.org/en/calendar/index.html
2025-12-22 14:00:52 [gotokyo_events] INFO: Found 0 potential events from links
2025-12-22 14:00:52 [gotokyo_events] INFO: Parsing events page: https://www.gotokyo.org/en/new/index.html
2025-12-22 14:00:52 [gotokyo_events] INFO: Found 0 potential events from links
2025-12-22 14:00:52 [gotokyo_events] INFO: Parsing events page: https://www.gotokyo.org/en/agent/index.html
2025-12-22 14:00:52 [gotokyo_events] INFO: Found 0 potential events from links
2025-12-22 14:00:52 [gotokyo_events] INFO: Parsing events page: https://www.gotokyo.org/en/index.html
2025-12-22 14:00:52 [gotokyo_events] INFO: Found 10 potential events from links
2025-12-22 14:00:52 [scrapy.core.engine] INFO: Closing spider (finished)
2025-12-22 14:00:52 [scrapy.statscollectors] INFO: Dumping Scrapy stats:
{'downloader/exception_count': 1,
 'downloader/exception_type_count/scrapy.exceptions.IgnoreRequest': 1,
 'downloader/request_bytes': 7063,
 'downloader/request_count': 19,
 'downloader/request_method_count/GET': 19,
 'downloader/response_bytes': 197987,
 'downloader/response_count': 19,
 'downloader/response_status_count/200': 18,
 'downloader/response_status_count/301': 1,
 'dupefilter/filtered': 16,
 'elapsed_time_seconds': 0.307381,
 'finish_reason': 'finished',
 'finish_time': datetime.datetime(2025, 12, 22, 5, 0, 52, 903008, tzinfo=datetime.timezone.utc),
 'httpcache/hit': 19,
 'httpcompression/response_bytes': 685245,
 'httpcompression/response_count': 17,
 'item_scraped_count': 8,
 'items_per_minute': None,
 'log_count/INFO': 28,
 'memusage/max': 76136448,
 'memusage/startup': 76136448,
 'request_depth_max': 1,
 'response_received_count': 18,
 'responses_per_minute': None,
 'robotstxt/forbidden': 1,
 'robotstxt/request_count': 1,
 'robotstxt/response_count': 1,
 'robotstxt/response_status_count/200': 1,
 'scheduler/dequeued': 19,
 'scheduler/dequeued/memory': 19,
 'scheduler/enqueued': 19,
 'scheduler/enqueued/memory': 19,
 'start_time': datetime.datetime(2025, 12, 22, 5, 0, 52, 595627, tzinfo=datetime.timezone.utc)}
2025-12-22 14:00:52 [scrapy.core.engine] INFO: Spider closed (finished)
2025-12-22 14:01:17 [scrapy.utils.log] INFO: Scrapy 2.13.4 started (bot: travel_scrapers)
2025-12-22 14:01:17 [scrapy.utils.log] INFO: Versions:
{'lxml': '6.0.0',
 'libxml2': '2.14.4',
 'cssselect': '1.3.0',
 'parsel': '1.10.0',
 'w3lib': '2.3.1',
 'Twisted': '25.5.0',
 'Python': '3.12.6 (main, Sep  9 2024, 21:36:32) [Clang 18.1.8 ]',
 'pyOpenSSL': '25.3.0 (OpenSSL 3.5.4 30 Sep 2025)',
 'cryptography': '46.0.3',
 'Platform': 'macOS-15.7.3-arm64-arm-64bit'}
2025-12-22 14:01:17 [scrapy.addons] INFO: Enabled addons:
[]
2025-12-22 14:01:17 [scrapy.middleware] INFO: Enabled extensions:
['scrapy.extensions.corestats.CoreStats',
 'scrapy.extensions.memusage.MemoryUsage',
 'scrapy.extensions.logstats.LogStats',
 'scrapy.extensions.throttle.AutoThrottle']
2025-12-22 14:01:17 [scrapy.crawler] INFO: Overridden settings:
{'AUTOTHROTTLE_ENABLED': True,
 'AUTOTHROTTLE_MAX_DELAY': 5,
 'AUTOTHROTTLE_START_DELAY': 1,
 'AUTOTHROTTLE_TARGET_CONCURRENCY': 2.0,
 'BOT_NAME': 'travel_scrapers',
 'CONCURRENT_REQUESTS': 4,
 'CONCURRENT_REQUESTS_PER_DOMAIN': 2,
 'COOKIES_ENABLED': False,
 'DEPTH_LIMIT': 1,
 'DOWNLOAD_DELAY': 1,
 'HTTPCACHE_DIR': 'output/.httpcache',
 'HTTPCACHE_ENABLED': True,
 'HTTPCACHE_EXPIRATION_SECS': 3600,
 'LOG_FILE': 'output/logs/scrapy.log',
 'LOG_LEVEL': 'INFO',
 'MEMUSAGE_LIMIT_MB': 1024,
 'MEMUSAGE_WARNING_MB': 512,
 'NEWSPIDER_MODULE': 'travel_scrapers.spiders',
 'RETRY_HTTP_CODES': [500, 502, 503, 504, 408, 429],
 'RETRY_TIMES': 3,
 'ROBOTSTXT_OBEY': True,
 'SPIDER_MODULES': ['travel_scrapers.spiders'],
 'TELNETCONSOLE_ENABLED': False}
2025-12-22 14:01:17 [scrapy.middleware] INFO: Enabled downloader middlewares:
['scrapy.downloadermiddlewares.offsite.OffsiteMiddleware',
 'scrapy.downloadermiddlewares.robotstxt.RobotsTxtMiddleware',
 'scrapy.downloadermiddlewares.httpauth.HttpAuthMiddleware',
 'scrapy.downloadermiddlewares.downloadtimeout.DownloadTimeoutMiddleware',
 'scrapy.downloadermiddlewares.defaultheaders.DefaultHeadersMiddleware',
 'scrapy.downloadermiddlewares.useragent.UserAgentMiddleware',
 'travel_scrapers.middlewares.PoliteRetryMiddleware',
 'scrapy.downloadermiddlewares.retry.RetryMiddleware',
 'scrapy.downloadermiddlewares.redirect.MetaRefreshMiddleware',
 'scrapy.downloadermiddlewares.httpcompression.HttpCompressionMiddleware',
 'scrapy.downloadermiddlewares.redirect.RedirectMiddleware',
 'scrapy.downloadermiddlewares.httpproxy.HttpProxyMiddleware',
 'scrapy.downloadermiddlewares.stats.DownloaderStats',
 'scrapy.downloadermiddlewares.httpcache.HttpCacheMiddleware']
2025-12-22 14:01:17 [scrapy.middleware] INFO: Enabled spider middlewares:
['scrapy.spidermiddlewares.start.StartSpiderMiddleware',
 'scrapy.spidermiddlewares.httperror.HttpErrorMiddleware',
 'scrapy.spidermiddlewares.referer.RefererMiddleware',
 'scrapy.spidermiddlewares.urllength.UrlLengthMiddleware',
 'scrapy.spidermiddlewares.depth.DepthMiddleware']
2025-12-22 14:01:17 [scrapy.middleware] INFO: Enabled item pipelines:
['travel_scrapers.pipelines.ValidationPipeline',
 'travel_scrapers.pipelines.POINormalizationPipeline',
 'travel_scrapers.pipelines.JSONExportPipeline']
2025-12-22 14:01:17 [scrapy.core.engine] INFO: Spider opened
2025-12-22 14:01:17 [gotokyo_events] INFO: Saving items to: output/processed/gotokyo_events_20251222_140117.json
2025-12-22 14:01:17 [scrapy.extensions.logstats] INFO: Crawled 0 pages (at 0 pages/min), scraped 0 items (at 0 items/min)
2025-12-22 14:01:17 [scrapy.extensions.memusage] INFO: Peak memory usage is 73MiB
2025-12-22 14:01:17 [gotokyo_events] INFO: Parsing events page: https://www.gotokyo.org/en/spot/index.html
2025-12-22 14:01:17 [gotokyo_events] INFO: Found 0 potential events from links
2025-12-22 14:01:17 [gotokyo_events] INFO: Parsing events page: https://www.gotokyo.org/en/
2025-12-22 14:01:17 [gotokyo_events] INFO: Found 10 potential events from links
2025-12-22 14:01:17 [gotokyo_events] INFO: Parsing events page: https://www.gotokyo.org/en/see-and-do/arts-and-design/art-and-exhibitions/index.html
2025-12-22 14:01:17 [gotokyo_events] INFO: Found 0 potential events from links
2025-12-22 14:01:17 [gotokyo_events] INFO: Parsing events page: https://www.gotokyo.org/en/calendar/index.html
2025-12-22 14:01:17 [gotokyo_events] INFO: Found 0 potential events from links
2025-12-22 14:01:17 [gotokyo_events] INFO: Parsing events page: https://www.gotokyo.org/en/experiences/index.html
2025-12-22 14:01:17 [gotokyo_events] INFO: Found 0 potential events from links
2025-12-22 14:01:17 [gotokyo_events] INFO: Parsing events page: https://www.gotokyo.org/en/calendar/index.html
2025-12-22 14:01:17 [gotokyo_events] INFO: Found 0 potential events from links
2025-12-22 14:01:17 [gotokyo_events] INFO: Parsing events page: https://www.gotokyo.org/en/new/index.html
2025-12-22 14:01:17 [gotokyo_events] INFO: Found 0 potential events from links
2025-12-22 14:01:17 [gotokyo_events] INFO: Parsing events page: https://www.gotokyo.org/en/agent/index.html
2025-12-22 14:01:17 [gotokyo_events] INFO: Found 0 potential events from links
2025-12-22 14:01:17 [gotokyo_events] INFO: Parsing events page: https://www.gotokyo.org/en/index.html
2025-12-22 14:01:17 [gotokyo_events] INFO: Found 10 potential events from links
2025-12-22 14:01:17 [scrapy.core.engine] INFO: Closing spider (finished)
2025-12-22 14:01:17 [scrapy.statscollectors] INFO: Dumping Scrapy stats:
{'downloader/exception_count': 1,
 'downloader/exception_type_count/scrapy.exceptions.IgnoreRequest': 1,
 'downloader/request_bytes': 7063,
 'downloader/request_count': 19,
 'downloader/request_method_count/GET': 19,
 'downloader/response_bytes': 197987,
 'downloader/response_count': 19,
 'downloader/response_status_count/200': 18,
 'downloader/response_status_count/301': 1,
 'dupefilter/filtered': 16,
 'elapsed_time_seconds': 0.295452,
 'finish_reason': 'finished',
 'finish_time': datetime.datetime(2025, 12, 22, 5, 1, 17, 404738, tzinfo=datetime.timezone.utc),
 'httpcache/hit': 19,
 'httpcompression/response_bytes': 685245,
 'httpcompression/response_count': 17,
 'item_scraped_count': 8,
 'items_per_minute': None,
 'log_count/INFO': 28,
 'memusage/max': 76955648,
 'memusage/startup': 76955648,
 'request_depth_max': 1,
 'response_received_count': 18,
 'responses_per_minute': None,
 'robotstxt/forbidden': 1,
 'robotstxt/request_count': 1,
 'robotstxt/response_count': 1,
 'robotstxt/response_status_count/200': 1,
 'scheduler/dequeued': 19,
 'scheduler/dequeued/memory': 19,
 'scheduler/enqueued': 19,
 'scheduler/enqueued/memory': 19,
 'start_time': datetime.datetime(2025, 12, 22, 5, 1, 17, 109286, tzinfo=datetime.timezone.utc)}
2025-12-22 14:01:17 [scrapy.core.engine] INFO: Spider closed (finished)
2025-12-22 14:05:43 [scrapy.utils.log] INFO: Scrapy 2.13.4 started (bot: travel_scrapers)
2025-12-22 14:05:43 [scrapy.utils.log] INFO: Versions:
{'lxml': '6.0.0',
 'libxml2': '2.14.4',
 'cssselect': '1.3.0',
 'parsel': '1.10.0',
 'w3lib': '2.3.1',
 'Twisted': '25.5.0',
 'Python': '3.12.6 (main, Sep  9 2024, 21:36:32) [Clang 18.1.8 ]',
 'pyOpenSSL': '25.3.0 (OpenSSL 3.5.4 30 Sep 2025)',
 'cryptography': '46.0.3',
 'Platform': 'macOS-15.7.3-arm64-arm-64bit'}
2025-12-22 14:05:43 [scrapy.addons] INFO: Enabled addons:
[]
2025-12-22 14:05:43 [scrapy.middleware] INFO: Enabled extensions:
['scrapy.extensions.corestats.CoreStats',
 'scrapy.extensions.memusage.MemoryUsage',
 'scrapy.extensions.closespider.CloseSpider',
 'scrapy.extensions.logstats.LogStats',
 'scrapy.extensions.throttle.AutoThrottle']
2025-12-22 14:05:43 [scrapy.crawler] INFO: Overridden settings:
{'AUTOTHROTTLE_ENABLED': True,
 'AUTOTHROTTLE_MAX_DELAY': 5,
 'AUTOTHROTTLE_START_DELAY': 1,
 'AUTOTHROTTLE_TARGET_CONCURRENCY': 2.0,
 'BOT_NAME': 'travel_scrapers',
 'CLOSESPIDER_ITEMCOUNT': '3',
 'CONCURRENT_REQUESTS': 4,
 'CONCURRENT_REQUESTS_PER_DOMAIN': 2,
 'COOKIES_ENABLED': False,
 'DEPTH_LIMIT': 1,
 'DOWNLOAD_DELAY': 1,
 'HTTPCACHE_DIR': 'output/.httpcache',
 'HTTPCACHE_ENABLED': True,
 'HTTPCACHE_EXPIRATION_SECS': 3600,
 'LOG_FILE': 'output/logs/scrapy.log',
 'LOG_LEVEL': 'INFO',
 'MEMUSAGE_LIMIT_MB': 1024,
 'MEMUSAGE_WARNING_MB': 512,
 'NEWSPIDER_MODULE': 'travel_scrapers.spiders',
 'RETRY_HTTP_CODES': [500, 502, 503, 504, 408, 429],
 'RETRY_TIMES': 3,
 'ROBOTSTXT_OBEY': True,
 'SPIDER_MODULES': ['travel_scrapers.spiders'],
 'TELNETCONSOLE_ENABLED': False}
2025-12-22 14:05:43 [scrapy.middleware] INFO: Enabled downloader middlewares:
['scrapy.downloadermiddlewares.offsite.OffsiteMiddleware',
 'scrapy.downloadermiddlewares.robotstxt.RobotsTxtMiddleware',
 'scrapy.downloadermiddlewares.httpauth.HttpAuthMiddleware',
 'scrapy.downloadermiddlewares.downloadtimeout.DownloadTimeoutMiddleware',
 'scrapy.downloadermiddlewares.defaultheaders.DefaultHeadersMiddleware',
 'scrapy.downloadermiddlewares.useragent.UserAgentMiddleware',
 'travel_scrapers.middlewares.PoliteRetryMiddleware',
 'scrapy.downloadermiddlewares.retry.RetryMiddleware',
 'scrapy.downloadermiddlewares.redirect.MetaRefreshMiddleware',
 'scrapy.downloadermiddlewares.httpcompression.HttpCompressionMiddleware',
 'scrapy.downloadermiddlewares.redirect.RedirectMiddleware',
 'scrapy.downloadermiddlewares.httpproxy.HttpProxyMiddleware',
 'scrapy.downloadermiddlewares.stats.DownloaderStats',
 'scrapy.downloadermiddlewares.httpcache.HttpCacheMiddleware']
2025-12-22 14:05:43 [scrapy.middleware] INFO: Enabled spider middlewares:
['scrapy.spidermiddlewares.start.StartSpiderMiddleware',
 'scrapy.spidermiddlewares.httperror.HttpErrorMiddleware',
 'scrapy.spidermiddlewares.referer.RefererMiddleware',
 'scrapy.spidermiddlewares.urllength.UrlLengthMiddleware',
 'scrapy.spidermiddlewares.depth.DepthMiddleware']
2025-12-22 14:05:43 [scrapy.middleware] INFO: Enabled item pipelines:
['travel_scrapers.pipelines.ValidationPipeline',
 'travel_scrapers.pipelines.POINormalizationPipeline',
 'travel_scrapers.pipelines.FieldOrderPipeline',
 'travel_scrapers.pipelines.JSONExportPipeline']
2025-12-22 14:05:43 [scrapy.core.engine] INFO: Spider opened
2025-12-22 14:05:43 [gotokyo_events] INFO: Saving items to: output/processed/gotokyo_events_20251222_140543.json
2025-12-22 14:05:43 [scrapy.extensions.logstats] INFO: Crawled 0 pages (at 0 pages/min), scraped 0 items (at 0 items/min)
2025-12-22 14:05:43 [scrapy.extensions.memusage] INFO: Peak memory usage is 73MiB
2025-12-22 14:05:44 [gotokyo_events] INFO: Parsing events page: https://www.gotokyo.org/en/spot/index.html
2025-12-22 14:05:44 [gotokyo_events] INFO: Found 0 potential events from links
2025-12-22 14:05:44 [gotokyo_events] INFO: Parsing events page: https://www.gotokyo.org/en/
2025-12-22 14:05:44 [gotokyo_events] INFO: Found 10 potential events from links
2025-12-22 14:05:44 [gotokyo_events] INFO: Parsing events page: https://www.gotokyo.org/en/see-and-do/arts-and-design/art-and-exhibitions/index.html
2025-12-22 14:05:44 [gotokyo_events] INFO: Found 0 potential events from links
2025-12-22 14:05:44 [gotokyo_events] INFO: Parsing events page: https://www.gotokyo.org/en/calendar/index.html
2025-12-22 14:05:44 [gotokyo_events] INFO: Found 0 potential events from links
2025-12-22 14:05:44 [gotokyo_events] INFO: Parsing events page: https://www.gotokyo.org/en/index.html
2025-12-22 14:05:44 [gotokyo_events] INFO: Found 10 potential events from links
2025-12-22 14:05:44 [gotokyo_events] INFO: Parsing events page: https://www.gotokyo.org/en/experiences/index.html
2025-12-22 14:05:44 [gotokyo_events] INFO: Found 0 potential events from links
2025-12-22 14:05:44 [gotokyo_events] INFO: Parsing events page: https://www.gotokyo.org/en/calendar/index.html
2025-12-22 14:05:44 [gotokyo_events] INFO: Found 0 potential events from links
2025-12-22 14:05:44 [gotokyo_events] INFO: Parsing events page: https://www.gotokyo.org/en/new/index.html
2025-12-22 14:05:44 [gotokyo_events] INFO: Found 0 potential events from links
2025-12-22 14:05:44 [gotokyo_events] INFO: Parsing events page: https://www.gotokyo.org/en/agent/index.html
2025-12-22 14:05:44 [gotokyo_events] INFO: Found 0 potential events from links
2025-12-22 14:05:44 [scrapy.core.engine] INFO: Closing spider (closespider_itemcount)
2025-12-22 14:05:44 [scrapy.statscollectors] INFO: Dumping Scrapy stats:
{'downloader/exception_count': 1,
 'downloader/exception_type_count/scrapy.exceptions.IgnoreRequest': 1,
 'downloader/request_bytes': 7063,
 'downloader/request_count': 19,
 'downloader/request_method_count/GET': 19,
 'downloader/response_bytes': 197987,
 'downloader/response_count': 19,
 'downloader/response_status_count/200': 18,
 'downloader/response_status_count/301': 1,
 'dupefilter/filtered': 16,
 'elapsed_time_seconds': 0.312222,
 'finish_reason': 'closespider_itemcount',
 'finish_time': datetime.datetime(2025, 12, 22, 5, 5, 44, 219653, tzinfo=datetime.timezone.utc),
 'httpcache/hit': 19,
 'httpcompression/response_bytes': 685245,
 'httpcompression/response_count': 17,
 'item_scraped_count': 8,
 'items_per_minute': None,
 'log_count/INFO': 28,
 'memusage/max': 76726272,
 'memusage/startup': 76726272,
 'request_depth_max': 1,
 'response_received_count': 18,
 'responses_per_minute': None,
 'robotstxt/forbidden': 1,
 'robotstxt/request_count': 1,
 'robotstxt/response_count': 1,
 'robotstxt/response_status_count/200': 1,
 'scheduler/dequeued': 19,
 'scheduler/dequeued/memory': 19,
 'scheduler/enqueued': 19,
 'scheduler/enqueued/memory': 19,
 'start_time': datetime.datetime(2025, 12, 22, 5, 5, 43, 907431, tzinfo=datetime.timezone.utc)}
2025-12-22 14:05:44 [scrapy.core.engine] INFO: Spider closed (closespider_itemcount)
2025-12-22 14:06:48 [scrapy.utils.log] INFO: Scrapy 2.13.4 started (bot: travel_scrapers)
2025-12-22 14:06:48 [scrapy.utils.log] INFO: Versions:
{'lxml': '6.0.0',
 'libxml2': '2.14.4',
 'cssselect': '1.3.0',
 'parsel': '1.10.0',
 'w3lib': '2.3.1',
 'Twisted': '25.5.0',
 'Python': '3.12.6 (main, Sep  9 2024, 21:36:32) [Clang 18.1.8 ]',
 'pyOpenSSL': '25.3.0 (OpenSSL 3.5.4 30 Sep 2025)',
 'cryptography': '46.0.3',
 'Platform': 'macOS-15.7.3-arm64-arm-64bit'}
2025-12-22 14:06:48 [scrapy.addons] INFO: Enabled addons:
[]
2025-12-22 14:06:48 [scrapy.middleware] INFO: Enabled extensions:
['scrapy.extensions.corestats.CoreStats',
 'scrapy.extensions.memusage.MemoryUsage',
 'scrapy.extensions.logstats.LogStats',
 'scrapy.extensions.throttle.AutoThrottle']
2025-12-22 14:06:48 [scrapy.crawler] INFO: Overridden settings:
{'AUTOTHROTTLE_ENABLED': True,
 'AUTOTHROTTLE_MAX_DELAY': 5,
 'AUTOTHROTTLE_START_DELAY': 1,
 'AUTOTHROTTLE_TARGET_CONCURRENCY': 2.0,
 'BOT_NAME': 'travel_scrapers',
 'CONCURRENT_REQUESTS': 4,
 'CONCURRENT_REQUESTS_PER_DOMAIN': 2,
 'COOKIES_ENABLED': False,
 'DEPTH_LIMIT': 1,
 'DOWNLOAD_DELAY': 1,
 'HTTPCACHE_DIR': 'output/.httpcache',
 'HTTPCACHE_ENABLED': True,
 'HTTPCACHE_EXPIRATION_SECS': 3600,
 'LOG_FILE': 'output/logs/scrapy.log',
 'LOG_LEVEL': 'INFO',
 'MEMUSAGE_LIMIT_MB': 1024,
 'MEMUSAGE_WARNING_MB': 512,
 'NEWSPIDER_MODULE': 'travel_scrapers.spiders',
 'RETRY_HTTP_CODES': [500, 502, 503, 504, 408, 429],
 'RETRY_TIMES': 3,
 'ROBOTSTXT_OBEY': True,
 'SPIDER_MODULES': ['travel_scrapers.spiders'],
 'TELNETCONSOLE_ENABLED': False}
2025-12-22 14:06:48 [scrapy.middleware] INFO: Enabled downloader middlewares:
['scrapy.downloadermiddlewares.offsite.OffsiteMiddleware',
 'scrapy.downloadermiddlewares.robotstxt.RobotsTxtMiddleware',
 'scrapy.downloadermiddlewares.httpauth.HttpAuthMiddleware',
 'scrapy.downloadermiddlewares.downloadtimeout.DownloadTimeoutMiddleware',
 'scrapy.downloadermiddlewares.defaultheaders.DefaultHeadersMiddleware',
 'scrapy.downloadermiddlewares.useragent.UserAgentMiddleware',
 'travel_scrapers.middlewares.PoliteRetryMiddleware',
 'scrapy.downloadermiddlewares.retry.RetryMiddleware',
 'scrapy.downloadermiddlewares.redirect.MetaRefreshMiddleware',
 'scrapy.downloadermiddlewares.httpcompression.HttpCompressionMiddleware',
 'scrapy.downloadermiddlewares.redirect.RedirectMiddleware',
 'scrapy.downloadermiddlewares.httpproxy.HttpProxyMiddleware',
 'scrapy.downloadermiddlewares.stats.DownloaderStats',
 'scrapy.downloadermiddlewares.httpcache.HttpCacheMiddleware']
2025-12-22 14:06:48 [scrapy.middleware] INFO: Enabled spider middlewares:
['scrapy.spidermiddlewares.start.StartSpiderMiddleware',
 'scrapy.spidermiddlewares.httperror.HttpErrorMiddleware',
 'scrapy.spidermiddlewares.referer.RefererMiddleware',
 'scrapy.spidermiddlewares.urllength.UrlLengthMiddleware',
 'scrapy.spidermiddlewares.depth.DepthMiddleware']
2025-12-22 14:06:48 [scrapy.middleware] INFO: Enabled item pipelines:
['travel_scrapers.pipelines.ValidationPipeline',
 'travel_scrapers.pipelines.POINormalizationPipeline',
 'travel_scrapers.pipelines.FieldOrderPipeline',
 'travel_scrapers.pipelines.JSONExportPipeline']
2025-12-22 14:06:48 [scrapy.core.engine] INFO: Spider opened
2025-12-22 14:06:48 [gotokyo_events] INFO: Saving items to: output/processed/gotokyo_events_20251222_140648.json
2025-12-22 14:06:48 [scrapy.extensions.logstats] INFO: Crawled 0 pages (at 0 pages/min), scraped 0 items (at 0 items/min)
2025-12-22 14:06:48 [scrapy.extensions.memusage] INFO: Peak memory usage is 72MiB
2025-12-22 14:06:48 [gotokyo_events] INFO: Parsing events page: https://www.gotokyo.org/en/spot/index.html
2025-12-22 14:06:48 [gotokyo_events] INFO: Found 0 potential events from links
2025-12-22 14:06:48 [gotokyo_events] INFO: Parsing events page: https://www.gotokyo.org/en/
2025-12-22 14:06:48 [gotokyo_events] INFO: Found 10 potential events from links
2025-12-22 14:06:48 [gotokyo_events] INFO: Parsing events page: https://www.gotokyo.org/en/see-and-do/arts-and-design/art-and-exhibitions/index.html
2025-12-22 14:06:48 [gotokyo_events] INFO: Found 0 potential events from links
2025-12-22 14:06:48 [gotokyo_events] INFO: Parsing events page: https://www.gotokyo.org/en/calendar/index.html
2025-12-22 14:06:48 [gotokyo_events] INFO: Found 0 potential events from links
2025-12-22 14:06:48 [gotokyo_events] INFO: Parsing events page: https://www.gotokyo.org/en/index.html
2025-12-22 14:06:48 [gotokyo_events] INFO: Found 10 potential events from links
2025-12-22 14:06:48 [gotokyo_events] INFO: Parsing events page: https://www.gotokyo.org/en/experiences/index.html
2025-12-22 14:06:48 [gotokyo_events] INFO: Found 0 potential events from links
2025-12-22 14:06:48 [gotokyo_events] INFO: Parsing events page: https://www.gotokyo.org/en/calendar/index.html
2025-12-22 14:06:48 [gotokyo_events] INFO: Found 0 potential events from links
2025-12-22 14:06:48 [gotokyo_events] INFO: Parsing events page: https://www.gotokyo.org/en/new/index.html
2025-12-22 14:06:48 [gotokyo_events] INFO: Found 0 potential events from links
2025-12-22 14:06:48 [gotokyo_events] INFO: Parsing events page: https://www.gotokyo.org/en/agent/index.html
2025-12-22 14:06:48 [gotokyo_events] INFO: Found 0 potential events from links
2025-12-22 14:06:48 [scrapy.core.engine] INFO: Closing spider (finished)
2025-12-22 14:06:48 [scrapy.statscollectors] INFO: Dumping Scrapy stats:
{'downloader/exception_count': 1,
 'downloader/exception_type_count/scrapy.exceptions.IgnoreRequest': 1,
 'downloader/request_bytes': 7063,
 'downloader/request_count': 19,
 'downloader/request_method_count/GET': 19,
 'downloader/response_bytes': 197987,
 'downloader/response_count': 19,
 'downloader/response_status_count/200': 18,
 'downloader/response_status_count/301': 1,
 'dupefilter/filtered': 16,
 'elapsed_time_seconds': 0.306008,
 'finish_reason': 'finished',
 'finish_time': datetime.datetime(2025, 12, 22, 5, 6, 48, 700900, tzinfo=datetime.timezone.utc),
 'httpcache/hit': 19,
 'httpcompression/response_bytes': 685245,
 'httpcompression/response_count': 17,
 'item_scraped_count': 8,
 'items_per_minute': None,
 'log_count/INFO': 28,
 'memusage/max': 76038144,
 'memusage/startup': 76038144,
 'request_depth_max': 1,
 'response_received_count': 18,
 'responses_per_minute': None,
 'robotstxt/forbidden': 1,
 'robotstxt/request_count': 1,
 'robotstxt/response_count': 1,
 'robotstxt/response_status_count/200': 1,
 'scheduler/dequeued': 19,
 'scheduler/dequeued/memory': 19,
 'scheduler/enqueued': 19,
 'scheduler/enqueued/memory': 19,
 'start_time': datetime.datetime(2025, 12, 22, 5, 6, 48, 394892, tzinfo=datetime.timezone.utc)}
2025-12-22 14:06:48 [scrapy.core.engine] INFO: Spider closed (finished)
2025-12-22 14:10:07 [scrapy.utils.log] INFO: Scrapy 2.13.4 started (bot: travel_scrapers)
2025-12-22 14:10:07 [scrapy.utils.log] INFO: Versions:
{'lxml': '6.0.0',
 'libxml2': '2.14.4',
 'cssselect': '1.3.0',
 'parsel': '1.10.0',
 'w3lib': '2.3.1',
 'Twisted': '25.5.0',
 'Python': '3.12.6 (main, Sep  9 2024, 21:36:32) [Clang 18.1.8 ]',
 'pyOpenSSL': '25.3.0 (OpenSSL 3.5.4 30 Sep 2025)',
 'cryptography': '46.0.3',
 'Platform': 'macOS-15.7.3-arm64-arm-64bit'}
2025-12-22 14:10:07 [scrapy.addons] INFO: Enabled addons:
[]
2025-12-22 14:10:07 [scrapy.middleware] INFO: Enabled extensions:
['scrapy.extensions.corestats.CoreStats',
 'scrapy.extensions.memusage.MemoryUsage',
 'scrapy.extensions.closespider.CloseSpider',
 'scrapy.extensions.logstats.LogStats',
 'scrapy.extensions.throttle.AutoThrottle']
2025-12-22 14:10:07 [scrapy.crawler] INFO: Overridden settings:
{'AUTOTHROTTLE_ENABLED': True,
 'AUTOTHROTTLE_MAX_DELAY': 5,
 'AUTOTHROTTLE_START_DELAY': 1,
 'AUTOTHROTTLE_TARGET_CONCURRENCY': 2.0,
 'BOT_NAME': 'travel_scrapers',
 'CLOSESPIDER_ITEMCOUNT': '20',
 'CLOSESPIDER_PAGECOUNT': 150,
 'CONCURRENT_REQUESTS': 4,
 'CONCURRENT_REQUESTS_PER_DOMAIN': 3,
 'COOKIES_ENABLED': False,
 'DEPTH_LIMIT': 2,
 'DOWNLOAD_DELAY': 1,
 'HTTPCACHE_DIR': 'output/.httpcache',
 'HTTPCACHE_ENABLED': True,
 'HTTPCACHE_EXPIRATION_SECS': 3600,
 'LOG_FILE': 'output/logs/scrapy.log',
 'LOG_LEVEL': 'INFO',
 'MEMUSAGE_LIMIT_MB': 1024,
 'MEMUSAGE_WARNING_MB': 512,
 'NEWSPIDER_MODULE': 'travel_scrapers.spiders',
 'RETRY_HTTP_CODES': [500, 502, 503, 504, 408, 429],
 'RETRY_TIMES': 3,
 'ROBOTSTXT_OBEY': True,
 'SPIDER_MODULES': ['travel_scrapers.spiders'],
 'TELNETCONSOLE_ENABLED': False}
2025-12-22 14:10:07 [scrapy.middleware] INFO: Enabled downloader middlewares:
['scrapy.downloadermiddlewares.offsite.OffsiteMiddleware',
 'scrapy.downloadermiddlewares.robotstxt.RobotsTxtMiddleware',
 'scrapy.downloadermiddlewares.httpauth.HttpAuthMiddleware',
 'scrapy.downloadermiddlewares.downloadtimeout.DownloadTimeoutMiddleware',
 'scrapy.downloadermiddlewares.defaultheaders.DefaultHeadersMiddleware',
 'scrapy.downloadermiddlewares.useragent.UserAgentMiddleware',
 'travel_scrapers.middlewares.PoliteRetryMiddleware',
 'scrapy.downloadermiddlewares.retry.RetryMiddleware',
 'scrapy.downloadermiddlewares.redirect.MetaRefreshMiddleware',
 'scrapy.downloadermiddlewares.httpcompression.HttpCompressionMiddleware',
 'scrapy.downloadermiddlewares.redirect.RedirectMiddleware',
 'scrapy.downloadermiddlewares.httpproxy.HttpProxyMiddleware',
 'scrapy.downloadermiddlewares.stats.DownloaderStats',
 'scrapy.downloadermiddlewares.httpcache.HttpCacheMiddleware']
2025-12-22 14:10:07 [scrapy.middleware] INFO: Enabled spider middlewares:
['scrapy.spidermiddlewares.start.StartSpiderMiddleware',
 'scrapy.spidermiddlewares.httperror.HttpErrorMiddleware',
 'scrapy.spidermiddlewares.referer.RefererMiddleware',
 'scrapy.spidermiddlewares.urllength.UrlLengthMiddleware',
 'scrapy.spidermiddlewares.depth.DepthMiddleware']
2025-12-22 14:10:07 [scrapy.middleware] INFO: Enabled item pipelines:
['travel_scrapers.pipelines.ValidationPipeline',
 'travel_scrapers.pipelines.POINormalizationPipeline',
 'travel_scrapers.pipelines.FieldOrderPipeline',
 'travel_scrapers.pipelines.JSONExportPipeline']
2025-12-22 14:10:07 [scrapy.core.engine] INFO: Spider opened
2025-12-22 14:10:07 [gotokyo_events] INFO: Saving items to: output/processed/gotokyo_events_20251222_141007.json
2025-12-22 14:10:07 [scrapy.extensions.logstats] INFO: Crawled 0 pages (at 0 pages/min), scraped 0 items (at 0 items/min)
2025-12-22 14:10:07 [scrapy.extensions.memusage] INFO: Peak memory usage is 73MiB
2025-12-22 14:10:07 [gotokyo_events] INFO: Parsing events page: https://www.gotokyo.org/en/see-and-do/arts-and-design/art-and-exhibitions/index.html
2025-12-22 14:10:07 [gotokyo_events] INFO: Found 2 potential events from links
2025-12-22 14:10:07 [gotokyo_events] INFO: Yielded 0 events from https://www.gotokyo.org/en/see-and-do/arts-and-design/art-and-exhibitions/index.html
2025-12-22 14:10:07 [gotokyo_events] INFO: Parsing events page: https://www.gotokyo.org/en/calendar/index.html
2025-12-22 14:10:07 [gotokyo_events] INFO: Found 3 potential events from links
2025-12-22 14:10:07 [gotokyo_events] INFO: Found 12 calendar events
2025-12-22 14:10:07 [gotokyo_events] INFO: Yielded 0 events from https://www.gotokyo.org/en/calendar/index.html
2025-12-22 14:10:07 [gotokyo_events] INFO: Parsing events page: https://www.gotokyo.org/en/spot/index.html
2025-12-22 14:10:07 [gotokyo_events] INFO: Found 0 potential events from links
2025-12-22 14:10:07 [gotokyo_events] INFO: Yielded 0 events from https://www.gotokyo.org/en/spot/index.html
2025-12-22 14:10:07 [gotokyo_events] INFO: Parsing events page: https://www.gotokyo.org/en/
2025-12-22 14:10:07 [gotokyo_events] INFO: Found 11 potential events from links
2025-12-22 14:10:07 [gotokyo_events] INFO: Parsing events page: https://www.gotokyo.org/en/see-and-do/arts-and-design/art-and-exhibitions/index.html
2025-12-22 14:10:07 [gotokyo_events] INFO: Found 2 potential events from links
2025-12-22 14:10:07 [gotokyo_events] INFO: Yielded 0 events from https://www.gotokyo.org/en/see-and-do/arts-and-design/art-and-exhibitions/index.html
2025-12-22 14:10:07 [gotokyo_events] INFO: Yielded 11 events from https://www.gotokyo.org/en/
2025-12-22 14:10:07 [scrapy.spidermiddlewares.httperror] INFO: Ignoring response <404 https://www.gotokyo.org/en/see-and-do/shopping/markets-and-festivals/index.html>: HTTP status code is not handled or not allowed
2025-12-22 14:10:08 [scrapy.spidermiddlewares.httperror] INFO: Ignoring response <404 https://www.gotokyo.org/en/see-and-do/tradition-and-modern/temples-and-shrines/index.html>: HTTP status code is not handled or not allowed
2025-12-22 14:10:09 [gotokyo_events] INFO: Parsing events page: https://www.gotokyo.org/en/see-and-do/nightlife/index.html
2025-12-22 14:10:09 [gotokyo_events] INFO: Found 2 potential events from links
2025-12-22 14:10:09 [gotokyo_events] INFO: Yielded 2 events from https://www.gotokyo.org/en/see-and-do/nightlife/index.html
2025-12-22 14:10:10 [scrapy.spidermiddlewares.httperror] INFO: Ignoring response <404 https://www.gotokyo.org/en/see-and-do/outdoor-and-sports/parks-and-gardens/index.html>: HTTP status code is not handled or not allowed
2025-12-22 14:10:11 [gotokyo_events] INFO: Parsing events page: https://www.gotokyo.org/en/destinations/central-tokyo/nihombashi/index.html
2025-12-22 14:10:11 [gotokyo_events] INFO: Found 2 potential events from links
2025-12-22 14:10:11 [gotokyo_events] INFO: Yielded 2 events from https://www.gotokyo.org/en/destinations/central-tokyo/nihombashi/index.html
2025-12-22 14:10:12 [gotokyo_events] INFO: Parsing events page: https://www.gotokyo.org/en/destinations/central-tokyo/tsukiji/index.html
2025-12-22 14:10:12 [gotokyo_events] INFO: Found 3 potential events from links
2025-12-22 14:10:12 [gotokyo_events] INFO: Yielded 3 events from https://www.gotokyo.org/en/destinations/central-tokyo/tsukiji/index.html
2025-12-22 14:10:13 [gotokyo_events] INFO: Parsing events page: https://www.gotokyo.org/en/see-and-do/drinking-and-dining/index.html
2025-12-22 14:10:13 [gotokyo_events] INFO: Found 0 potential events from links
2025-12-22 14:10:13 [gotokyo_events] INFO: Yielded 0 events from https://www.gotokyo.org/en/see-and-do/drinking-and-dining/index.html
2025-12-22 14:10:21 [gotokyo_events] INFO: Parsing events page: https://www.gotokyo.org/en/see-and-do/nightlife/index.html
2025-12-22 14:10:21 [gotokyo_events] INFO: Found 2 potential events from links
2025-12-22 14:10:21 [gotokyo_events] INFO: Yielded 2 events from https://www.gotokyo.org/en/see-and-do/nightlife/index.html
2025-12-22 14:10:22 [gotokyo_events] INFO: Parsing events page: https://www.gotokyo.org/en/destinations/central-tokyo/shiodome-and-shimbashi/index.html
2025-12-22 14:10:22 [gotokyo_events] INFO: Found 1 potential events from links
2025-12-22 14:10:22 [gotokyo_events] INFO: Yielded 1 events from https://www.gotokyo.org/en/destinations/central-tokyo/shiodome-and-shimbashi/index.html
2025-12-22 14:10:24 [gotokyo_events] INFO: Parsing events page: https://www.gotokyo.org/en/destinations/southern-tokyo/ebisu/index.html
2025-12-22 14:10:24 [gotokyo_events] INFO: Found 2 potential events from links
2025-12-22 14:10:24 [gotokyo_events] INFO: Yielded 2 events from https://www.gotokyo.org/en/destinations/southern-tokyo/ebisu/index.html
2025-12-22 14:10:25 [gotokyo_events] INFO: Parsing events page: https://www.gotokyo.org/en/destinations/waterfront/yakatabune-boat-cruises.html
2025-12-22 14:10:25 [gotokyo_events] INFO: Found 0 potential events from links
2025-12-22 14:10:25 [gotokyo_events] INFO: Yielded 0 events from https://www.gotokyo.org/en/destinations/waterfront/yakatabune-boat-cruises.html
2025-12-22 14:10:26 [gotokyo_events] INFO: Parsing events page: https://www.gotokyo.org/en/see-and-do/history/irreplaceable_treasures/index.html
2025-12-22 14:10:26 [gotokyo_events] INFO: Found 1 potential events from links
2025-12-22 14:10:26 [gotokyo_events] INFO: Yielded 0 events from https://www.gotokyo.org/en/see-and-do/history/irreplaceable_treasures/index.html
2025-12-22 14:10:27 [gotokyo_events] INFO: Parsing events page: https://www.gotokyo.org/en/see-and-do/history/index.html
2025-12-22 14:10:27 [gotokyo_events] INFO: Found 2 potential events from links
2025-12-22 14:10:27 [gotokyo_events] INFO: Yielded 2 events from https://www.gotokyo.org/en/see-and-do/history/index.html
2025-12-22 14:10:28 [gotokyo_events] INFO: Parsing events page: https://www.gotokyo.org/en/destinations/central-tokyo/tokyo-station-and-marunouchi/index.html
2025-12-22 14:10:28 [gotokyo_events] INFO: Found 4 potential events from links
2025-12-22 14:10:28 [gotokyo_events] INFO: Yielded 4 events from https://www.gotokyo.org/en/destinations/central-tokyo/tokyo-station-and-marunouchi/index.html
2025-12-22 14:10:32 [gotokyo_events] INFO: Parsing events page: https://www.gotokyo.org/en/destinations/central-tokyo/akihabara/index.html
2025-12-22 14:10:32 [gotokyo_events] INFO: Found 0 potential events from links
2025-12-22 14:10:32 [gotokyo_events] INFO: Yielded 0 events from https://www.gotokyo.org/en/destinations/central-tokyo/akihabara/index.html
2025-12-22 14:10:37 [scrapy.core.engine] INFO: Closing spider (closespider_itemcount)
2025-12-22 14:10:40 [gotokyo_events] INFO: Parsing events page: https://www.gotokyo.org/en/destinations/central-tokyo/ginza/index.html
2025-12-22 14:10:40 [gotokyo_events] INFO: Found 2 potential events from links
2025-12-22 14:10:40 [gotokyo_events] INFO: Yielded 2 events from https://www.gotokyo.org/en/destinations/central-tokyo/ginza/index.html
2025-12-22 14:10:42 [gotokyo_events] INFO: Parsing events page: https://www.gotokyo.org/en/destinations/central-tokyo/index.html
2025-12-22 14:10:42 [gotokyo_events] INFO: Found 0 potential events from links
2025-12-22 14:10:42 [gotokyo_events] INFO: Yielded 0 events from https://www.gotokyo.org/en/destinations/central-tokyo/index.html
2025-12-22 14:10:42 [scrapy.statscollectors] INFO: Dumping Scrapy stats:
{'downloader/request_bytes': 18402,
 'downloader/request_count': 46,
 'downloader/request_method_count/GET': 46,
 'downloader/response_bytes': 508826,
 'downloader/response_count': 46,
 'downloader/response_status_count/200': 42,
 'downloader/response_status_count/301': 1,
 'downloader/response_status_count/404': 3,
 'dupefilter/filtered': 28,
 'elapsed_time_seconds': 34.381257,
 'finish_reason': 'closespider_itemcount',
 'finish_time': datetime.datetime(2025, 12, 22, 5, 10, 42, 20582, tzinfo=datetime.timezone.utc),
 'httpcache/firsthand': 31,
 'httpcache/hit': 15,
 'httpcache/miss': 31,
 'httpcache/store': 31,
 'httpcompression/response_bytes': 1521718,
 'httpcompression/response_count': 44,
 'httperror/response_ignored_count': 3,
 'httperror/response_ignored_status_count/404': 3,
 'item_scraped_count': 22,
 'items_per_minute': 38.82352941176471,
 'log_count/INFO': 71,
 'memusage/max': 76660736,
 'memusage/startup': 76660736,
 'offsite/domains': 1,
 'offsite/filtered': 2,
 'request_depth_max': 2,
 'response_received_count': 45,
 'responses_per_minute': 79.41176470588235,
 'robotstxt/request_count': 1,
 'robotstxt/response_count': 1,
 'robotstxt/response_status_count/200': 1,
 'scheduler/dequeued': 45,
 'scheduler/dequeued/memory': 45,
 'scheduler/enqueued': 79,
 'scheduler/enqueued/memory': 79,
 'start_time': datetime.datetime(2025, 12, 22, 5, 10, 7, 639325, tzinfo=datetime.timezone.utc)}
2025-12-22 14:10:42 [scrapy.core.engine] INFO: Spider closed (closespider_itemcount)
